TpTrace Verbose: 0 : 23532, 1, 2024/09/06, 12:41:27.758, 23847785417, datacollector.dll, Version: 17.11.0-release-24352-05
TpTrace Information: 0 : 23532, 1, 2024/09/06, 12:41:27.760, 23847810352, datacollector.dll, DataCollectorMain.Run: Starting data collector run with args: --port,50801,--parentprocessid,12924,--diag,C:\Users\myers\Downloads\ps1\FormulaTests\bin\Debug\net8.0\fine-code-coverage\coverage-tool-output\diagnostics.datacollector.24-09-06_12-41-27_69673_5.log,--tracelevel,4
TpTrace Information: 0 : 23532, 1, 2024/09/06, 12:41:27.760, 23847810929, datacollector.dll, DataCollector: Monitoring parent process with id: '12924'
TpTrace Information: 0 : 23532, 1, 2024/09/06, 12:41:27.764, 23847846459, datacollector.dll, Trying to connect to server on socket : 127.0.0.1:50801 
TpTrace Verbose: 0 : 23532, 1, 2024/09/06, 12:41:27.768, 23847893971, datacollector.dll, SocketCommunicationManager : SetupClientAsync : Attempting to connect to the server.
TpTrace Information: 0 : 23532, 9, 2024/09/06, 12:41:27.772, 23847929616, datacollector.dll, Connected to the server successfully 
TpTrace Information: 0 : 23532, 9, 2024/09/06, 12:41:27.772, 23847929936, datacollector.dll, Using the buffer size of 16384 bytes
TpTrace Information: 0 : 23532, 1, 2024/09/06, 12:41:27.797, 23848183773, datacollector.dll, DataCollector: Start Request Processing.
TpTrace Verbose: 0 : 23532, 1, 2024/09/06, 12:41:27.798, 23848185312, datacollector.dll, SocketCommunicationManager.WaitForServerConnection took: 0 ms, with 90000 ms timeout, and finished with True.
TpTrace Information: 0 : 23532, 1, 2024/09/06, 12:41:27.798, 23848186821, datacollector.dll, DataCollectionRequestHandler.ProcessRequests: Datacollector received message: (DataCollection.BeforeTestRunStart) -> {"MessageType":"DataCollection.BeforeTestRunStart","Payload":{"SettingsXml":"<RunSettings><RunConfiguration><ResultsDirectory>C:\\Users\\myers\\Downloads\\ps1\\FormulaTests\\bin\\Debug\\net8.0\\fine-code-coverage\\coverage-tool-output</ResultsDirectory><TargetPlatform>X64</TargetPlatform><TargetFrameworkVersion>.NETCoreApp,Version=v8.0</TargetFrameworkVersion><DesignMode>False</DesignMode><CollectSourceInformation>False</CollectSourceInformation><TestAdaptersPaths>C:\\Program Files\\dotnet\\sdk\\8.0.400\\Extensions</TestAdaptersPaths></RunConfiguration><LoggerRunSettings><Loggers><Logger friendlyName=\"blame\" enabled=\"True\" /><Logger friendlyName=\"Console\" uri=\"logger://microsoft/TestPlatform/ConsoleLogger/v1\" assemblyQualifiedName=\"Microsoft.VisualStudio.TestPlatform.CommandLine.Internal.ConsoleLogger, vstest.console, Version=15.0.0.0, Culture=neutral, PublicKeyToken=b03f5f7f11d50a3a\" codeBase=\"C:\\Program Files\\dotnet\\sdk\\8.0.400\\vstest.console.dll\" enabled=\"True\" /></Loggers></LoggerRunSettings><DataCollectionRunSettings><DataCollectors><DataCollector friendlyName=\"blame\" enabled=\"True\"><Configuration><ResultsDirectory>C:\\Users\\myers\\Downloads\\ps1\\FormulaTests\\bin\\Debug\\net8.0\\fine-code-coverage\\coverage-tool-output</ResultsDirectory></Configuration></DataCollector></DataCollectors></DataCollectionRunSettings></RunSettings>","Sources":["C:\\Users\\myers\\Downloads\\ps1\\FormulaTests\\bin\\Debug\\net8.0\\fine-code-coverage\\build-output\\FormulaTests.dll"],"IsTelemetryOptedIn":false}}
TpTrace Verbose: 0 : 23532, 1, 2024/09/06, 12:41:27.817, 23848380108, datacollector.dll, TestPluginCache: Update extensions started. Skip filter = False
TpTrace Verbose: 0 : 23532, 1, 2024/09/06, 12:41:27.817, 23848383735, datacollector.dll, TestPluginCache: Using directories for assembly resolution 'C:\Program Files\dotnet\sdk\8.0.400\Extensions'.
TpTrace Verbose: 0 : 23532, 1, 2024/09/06, 12:41:27.817, 23848384086, datacollector.dll, TestPluginCache: Updated the available extensions to 'C:\Program Files\dotnet\sdk\8.0.400\Extensions\Microsoft.TestPlatform.Extensions.BlameDataCollector.dll,C:\Program Files\dotnet\sdk\8.0.400\Extensions\Microsoft.TestPlatform.Extensions.EventLogCollector.dll'.
TpTrace Verbose: 0 : 23532, 1, 2024/09/06, 12:41:27.820, 23848408946, datacollector.dll, TestPluginCache.DiscoverTestExtensions: finding test extensions in assemblies ends with: Collector.dll TPluginInfo: Microsoft.VisualStudio.TestPlatform.Common.DataCollector.DataCollectorConfig TExtension: Microsoft.VisualStudio.TestPlatform.ObjectModel.DataCollection.DataCollector
TpTrace Verbose: 0 : 23532, 1, 2024/09/06, 12:41:27.821, 23848414610, datacollector.dll, TestPluginCache.GetExtensionPaths: Filtered extension paths: C:\Program Files\dotnet\sdk\8.0.400\Extensions\Microsoft.TestPlatform.Extensions.BlameDataCollector.dll
C:\Program Files\dotnet\sdk\8.0.400\Extensions\Microsoft.TestPlatform.Extensions.EventLogCollector.dll
TpTrace Verbose: 0 : 23532, 1, 2024/09/06, 12:41:27.821, 23848414913, datacollector.dll, TestPluginCache.GetExtensionPaths: Added default extension paths: 
TpTrace Verbose: 0 : 23532, 1, 2024/09/06, 12:41:27.821, 23848415053, datacollector.dll, TestPluginCache.GetExtensionPaths: Added unfilterableExtensionPaths: 
TpTrace Information: 0 : 23532, 1, 2024/09/06, 12:41:27.821, 23848417625, datacollector.dll, AssemblyResolver.ctor: Creating AssemblyResolver with searchDirectories C:\Program Files\dotnet\sdk\8.0.400\Extensions,C:\Program Files\dotnet\sdk\8.0.400
TpTrace Verbose: 0 : 23532, 1, 2024/09/06, 12:41:27.821, 23848421622, datacollector.dll, TestPluginCache.DiscoverTestExtensions: Discovering the extensions using extension path.
TpTrace Verbose: 0 : 23532, 1, 2024/09/06, 12:41:27.821, 23848422348, datacollector.dll, TestPluginCache.GetExtensionPaths: Filtered extension paths: C:\Program Files\dotnet\sdk\8.0.400\Extensions\Microsoft.TestPlatform.Extensions.BlameDataCollector.dll
C:\Program Files\dotnet\sdk\8.0.400\Extensions\Microsoft.TestPlatform.Extensions.EventLogCollector.dll
TpTrace Verbose: 0 : 23532, 1, 2024/09/06, 12:41:27.821, 23848422552, datacollector.dll, TestPluginCache.GetExtensionPaths: Added default extension paths: 
TpTrace Verbose: 0 : 23532, 1, 2024/09/06, 12:41:27.821, 23848422718, datacollector.dll, TestPluginCache.GetExtensionPaths: Added unfilterableExtensionPaths: 
TpTrace Verbose: 0 : 23532, 1, 2024/09/06, 12:41:27.821, 23848422942, datacollector.dll, TestPluginCache.DiscoverTestExtensions: Discovering the extensions using allExtensionPaths: C:\Program Files\dotnet\sdk\8.0.400\Extensions\Microsoft.TestPlatform.Extensions.BlameDataCollector.dll
C:\Program Files\dotnet\sdk\8.0.400\Extensions\Microsoft.TestPlatform.Extensions.EventLogCollector.dll
TpTrace Information: 0 : 23532, 1, 2024/09/06, 12:41:27.821, 23848423401, datacollector.dll, AssemblyResolver.AddSearchDirectories: Adding more searchDirectories C:\Program Files\dotnet\sdk\8.0.400\Extensions,C:\Program Files\dotnet\sdk\8.0.400
TpTrace Information: 0 : 23532, 1, 2024/09/06, 12:41:27.821, 23848423686, datacollector.dll, AssemblyResolver.AddSearchDirectories: Adding more searchDirectories C:\Program Files\dotnet\sdk\8.0.400\Extensions,C:\Program Files\dotnet\sdk\8.0.400
TpTrace Information: 0 : 23532, 1, 2024/09/06, 12:41:27.822, 23848425719, datacollector.dll, AssemblyResolver.OnResolve: Microsoft.TestPlatform.Extensions.BlameDataCollector: Resolving assembly.
TpTrace Information: 0 : 23532, 1, 2024/09/06, 12:41:27.822, 23848426122, datacollector.dll, AssemblyResolver.OnResolve: Microsoft.TestPlatform.Extensions.BlameDataCollector: Searching in: 'C:\Program Files\dotnet\sdk\8.0.400\Extensions'.
TpTrace Information: 0 : 23532, 1, 2024/09/06, 12:41:27.825, 23848461256, datacollector.dll, AssemblyResolver.OnResolve: Microsoft.TestPlatform.Extensions.BlameDataCollector: Loading assembly 'C:\Program Files\dotnet\sdk\8.0.400\Extensions\Microsoft.TestPlatform.Extensions.BlameDataCollector.dll'.
TpTrace Information: 0 : 23532, 1, 2024/09/06, 12:41:27.825, 23848464536, datacollector.dll, AssemblyResolver.OnResolve: Resolved assembly: Microsoft.TestPlatform.Extensions.BlameDataCollector, from path: C:\Program Files\dotnet\sdk\8.0.400\Extensions\Microsoft.TestPlatform.Extensions.BlameDataCollector.dll
TpTrace Verbose: 0 : 23532, 1, 2024/09/06, 12:41:27.828, 23848490581, datacollector.dll, MetadataReaderExtensionsHelper: Discovering extensions inside assembly 'Microsoft.TestPlatform.Extensions.BlameDataCollector, Version=15.0.0.0, Culture=neutral, PublicKeyToken=b03f5f7f11d50a3a' file path 'C:\Program Files\dotnet\sdk\8.0.400\Extensions\Microsoft.TestPlatform.Extensions.BlameDataCollector.dll'
TpTrace Error: 0 : 23532, 1, 2024/09/06, 12:41:27.830, 23848505751, datacollector.dll, The type "Microsoft.TestPlatform.Extensions.BlameDataCollector.BlameCollector" defined in "Microsoft.TestPlatform.Extensions.BlameDataCollector.dll" does not have ExtensionUri attribute.
TpTrace Information: 0 : 23532, 1, 2024/09/06, 12:41:27.831, 23848522630, datacollector.dll, GetTestExtensionFromType: Register extension with identifier data 'datacollector://microsoft/TestPlatform/Extensions/Blame/v1' and type 'Microsoft.TestPlatform.Extensions.BlameDataCollector.BlameCollector, Microsoft.TestPlatform.Extensions.BlameDataCollector, Version=15.0.0.0, Culture=neutral, PublicKeyToken=b03f5f7f11d50a3a' inside file 'C:\Program Files\dotnet\sdk\8.0.400\Extensions\Microsoft.TestPlatform.Extensions.BlameDataCollector.dll'
TpTrace Information: 0 : 23532, 1, 2024/09/06, 12:41:27.831, 23848523560, datacollector.dll, AssemblyResolver.OnResolve: Microsoft.TestPlatform.Extensions.EventLogCollector: Resolving assembly.
TpTrace Information: 0 : 23532, 1, 2024/09/06, 12:41:27.831, 23848523849, datacollector.dll, AssemblyResolver.OnResolve: Microsoft.TestPlatform.Extensions.EventLogCollector: Searching in: 'C:\Program Files\dotnet\sdk\8.0.400\Extensions'.
TpTrace Information: 0 : 23532, 1, 2024/09/06, 12:41:27.832, 23848526459, datacollector.dll, AssemblyResolver.OnResolve: Microsoft.TestPlatform.Extensions.EventLogCollector: Loading assembly 'C:\Program Files\dotnet\sdk\8.0.400\Extensions\Microsoft.TestPlatform.Extensions.EventLogCollector.dll'.
TpTrace Information: 0 : 23532, 1, 2024/09/06, 12:41:27.832, 23848529375, datacollector.dll, AssemblyResolver.OnResolve: Resolved assembly: Microsoft.TestPlatform.Extensions.EventLogCollector, from path: C:\Program Files\dotnet\sdk\8.0.400\Extensions\Microsoft.TestPlatform.Extensions.EventLogCollector.dll
TpTrace Verbose: 0 : 23532, 1, 2024/09/06, 12:41:27.832, 23848529792, datacollector.dll, MetadataReaderExtensionsHelper: Discovering extensions inside assembly 'Microsoft.TestPlatform.Extensions.EventLogCollector, Version=15.0.0.0, Culture=neutral, PublicKeyToken=b03f5f7f11d50a3a' file path 'C:\Program Files\dotnet\sdk\8.0.400\Extensions\Microsoft.TestPlatform.Extensions.EventLogCollector.dll'
TpTrace Error: 0 : 23532, 1, 2024/09/06, 12:41:27.834, 23848544969, datacollector.dll, The type "Microsoft.TestPlatform.Extensions.EventLogCollector.EventLogDataCollector" defined in "Microsoft.TestPlatform.Extensions.EventLogCollector.dll" does not have ExtensionUri attribute.
TpTrace Information: 0 : 23532, 1, 2024/09/06, 12:41:27.834, 23848546476, datacollector.dll, GetTestExtensionFromType: Register extension with identifier data 'datacollector://microsoft/EventLog/2.0' and type 'Microsoft.TestPlatform.Extensions.EventLogCollector.EventLogDataCollector, Microsoft.TestPlatform.Extensions.EventLogCollector, Version=15.0.0.0, Culture=neutral, PublicKeyToken=b03f5f7f11d50a3a' inside file 'C:\Program Files\dotnet\sdk\8.0.400\Extensions\Microsoft.TestPlatform.Extensions.EventLogCollector.dll'
TpTrace Verbose: 0 : 23532, 1, 2024/09/06, 12:41:27.834, 23848547843, datacollector.dll, TestPluginCache: Discovered the extensions using extension path 'C:\Program Files\dotnet\sdk\8.0.400\Extensions\Microsoft.TestPlatform.Extensions.BlameDataCollector.dll,C:\Program Files\dotnet\sdk\8.0.400\Extensions\Microsoft.TestPlatform.Extensions.EventLogCollector.dll'.
TpTrace Verbose: 0 : 23532, 1, 2024/09/06, 12:41:27.834, 23848548116, datacollector.dll, TestPluginCache: Discoverers are ''.
TpTrace Verbose: 0 : 23532, 1, 2024/09/06, 12:41:27.834, 23848548407, datacollector.dll, TestPluginCache: Executors are ''.
TpTrace Verbose: 0 : 23532, 1, 2024/09/06, 12:41:27.834, 23848548540, datacollector.dll, TestPluginCache: Executors2 are ''.
TpTrace Verbose: 0 : 23532, 1, 2024/09/06, 12:41:27.834, 23848548693, datacollector.dll, TestPluginCache: Setting providers are ''.
TpTrace Verbose: 0 : 23532, 1, 2024/09/06, 12:41:27.834, 23848548819, datacollector.dll, TestPluginCache: Loggers are ''.
TpTrace Verbose: 0 : 23532, 1, 2024/09/06, 12:41:27.834, 23848548933, datacollector.dll, TestPluginCache: TestHosts are ''.
TpTrace Verbose: 0 : 23532, 1, 2024/09/06, 12:41:27.834, 23848549938, datacollector.dll, TestPluginCache: DataCollectors are 'datacollector://microsoft/TestPlatform/Extensions/Blame/v1,datacollector://microsoft/EventLog/2.0'.
TpTrace Information: 0 : 23532, 1, 2024/09/06, 12:41:27.835, 23848556911, datacollector.dll, TestPluginManager.CreateTestExtension: Attempting to load test extension: Microsoft.TestPlatform.Extensions.BlameDataCollector.BlameCollector
TpTrace Information: 0 : 23532, 1, 2024/09/06, 12:41:27.836, 23848573468, datacollector.dll, [MonitorPostmortemDump]Monitor enabled: 'False'
TpTrace Verbose: 0 : 23532, 1, 2024/09/06, 12:41:27.837, 23848577122, datacollector.dll, MulticastDelegateUtilities.SafeInvoke: DataCollectionEvents.SessionStart: Invoking callbacks was skipped because there are no subscribers.
TpTrace Information: 0 : 23532, 1, 2024/09/06, 12:41:27.837, 23848579775, datacollector.dll, Listening on Endpoint : 127.0.0.1:50803
TpTrace Information: 0 : 23532, 1, 2024/09/06, 12:41:27.840, 23848608187, datacollector.dll, DataCollectionRequestHandler.ProcessRequests : DataCollection started.
TpTrace Information: 0 : 23532, 1, 2024/09/06, 12:41:27.847, 23848682681, datacollector.dll, DataCollectionRequestHandler.ProcessRequests: Datacollector received message: (DataCollection.TestHostLaunched) -> {"MessageType":"DataCollection.TestHostLaunched","Payload":{"ProcessId":9808}}
TpTrace Verbose: 0 : 23532, 1, 2024/09/06, 12:41:27.848, 23848691022, datacollector.dll, MulticastDelegateUtilities.SafeInvoke: DataCollectionEvents.TestHostLaunched: Invoking callback 1/1 for Microsoft.TestPlatform.Extensions.BlameDataCollector.BlameCollector., took 0 ms.
TpTrace Information: 0 : 23532, 7, 2024/09/06, 12:41:27.932, 23849531789, datacollector.dll, Using the buffer size of 16384 bytes
TpTrace Verbose: 0 : 23532, 9, 2024/09/06, 12:41:27.932, 23849531841, datacollector.dll, SocketCommunicationManager.WaitForClientConnection took: 93 ms, with 90000 ms timeout, and finished with True.
TpTrace Information: 0 : 23532, 7, 2024/09/06, 12:41:27.932, 23849532369, datacollector.dll, Accepted Client request and set the flag
TpTrace Information: 0 : 23532, 9, 2024/09/06, 12:41:28.104, 23851251921, datacollector.dll, DataCollectionTestCaseEventHandler: Test case starting.
TpTrace Information: 0 : 23532, 9, 2024/09/06, 12:41:28.119, 23851404550, datacollector.dll, BlameCollector.EventsTestCaseStart: Test Case Start
TpTrace Verbose: 0 : 23532, 9, 2024/09/06, 12:41:28.120, 23851405698, datacollector.dll, MulticastDelegateUtilities.SafeInvoke: DataCollectionEvents.TestCaseStart: Invoking callback 1/1 for Microsoft.TestPlatform.Extensions.BlameDataCollector.BlameCollector., took 0 ms.
TpTrace Information: 0 : 23532, 9, 2024/09/06, 12:41:28.120, 23851406696, datacollector.dll, DataCollectionTestCaseEventHandler: Test case 'FormulaConstructor_TestNoTokens_Invalid - 10de3a06-ce1d-e582-e7cf-3615af38efe6' started.
TpTrace Information: 0 : 23532, 9, 2024/09/06, 12:41:28.136, 23851568597, datacollector.dll, DataCollectionTestCaseEventHandler: Test case completing.
TpTrace Information: 0 : 23532, 9, 2024/09/06, 12:41:28.138, 23851590721, datacollector.dll, BlameCollector.EventsTestCaseEnd: Test Case End
TpTrace Verbose: 0 : 23532, 9, 2024/09/06, 12:41:28.138, 23851591713, datacollector.dll, MulticastDelegateUtilities.SafeInvoke: DataCollectionEvents.TestCaseEnd: Invoking callback 1/1 for Microsoft.TestPlatform.Extensions.BlameDataCollector.BlameCollector., took 0 ms.
TpTrace Information: 0 : 23532, 9, 2024/09/06, 12:41:28.139, 23851599516, datacollector.dll, DataCollectionTestCaseEventHandler: Test case 'FormulaConstructor_TestNoTokens_Invalid - 10de3a06-ce1d-e582-e7cf-3615af38efe6' completed
TpTrace Information: 0 : 23532, 9, 2024/09/06, 12:41:28.143, 23851634779, datacollector.dll, DataCollectionTestCaseEventHandler: Test case starting.
TpTrace Information: 0 : 23532, 9, 2024/09/06, 12:41:28.143, 23851640182, datacollector.dll, BlameCollector.EventsTestCaseStart: Test Case Start
TpTrace Verbose: 0 : 23532, 9, 2024/09/06, 12:41:28.143, 23851640675, datacollector.dll, MulticastDelegateUtilities.SafeInvoke: DataCollectionEvents.TestCaseStart: Invoking callback 1/1 for Microsoft.TestPlatform.Extensions.BlameDataCollector.BlameCollector., took 0 ms.
TpTrace Information: 0 : 23532, 9, 2024/09/06, 12:41:28.143, 23851641280, datacollector.dll, DataCollectionTestCaseEventHandler: Test case 'FormulaConstructor_TestTokens_Valid - ce99be1f-25ec-f8eb-4d37-db77d6e43a67' started.
TpTrace Information: 0 : 23532, 9, 2024/09/06, 12:41:28.146, 23851673861, datacollector.dll, DataCollectionTestCaseEventHandler: Test case completing.
TpTrace Information: 0 : 23532, 9, 2024/09/06, 12:41:28.147, 23851678837, datacollector.dll, BlameCollector.EventsTestCaseEnd: Test Case End
TpTrace Verbose: 0 : 23532, 9, 2024/09/06, 12:41:28.147, 23851679274, datacollector.dll, MulticastDelegateUtilities.SafeInvoke: DataCollectionEvents.TestCaseEnd: Invoking callback 1/1 for Microsoft.TestPlatform.Extensions.BlameDataCollector.BlameCollector., took 0 ms.
TpTrace Information: 0 : 23532, 9, 2024/09/06, 12:41:28.147, 23851680028, datacollector.dll, DataCollectionTestCaseEventHandler: Test case 'FormulaConstructor_TestTokens_Valid - ce99be1f-25ec-f8eb-4d37-db77d6e43a67' completed
TpTrace Information: 0 : 23532, 9, 2024/09/06, 12:41:28.148, 23851685966, datacollector.dll, DataCollectionTestCaseEventHandler: Test case starting.
TpTrace Information: 0 : 23532, 9, 2024/09/06, 12:41:28.148, 23851689208, datacollector.dll, BlameCollector.EventsTestCaseStart: Test Case Start
TpTrace Verbose: 0 : 23532, 9, 2024/09/06, 12:41:28.148, 23851689498, datacollector.dll, MulticastDelegateUtilities.SafeInvoke: DataCollectionEvents.TestCaseStart: Invoking callback 1/1 for Microsoft.TestPlatform.Extensions.BlameDataCollector.BlameCollector., took 0 ms.
TpTrace Information: 0 : 23532, 9, 2024/09/06, 12:41:28.148, 23851689926, datacollector.dll, DataCollectionTestCaseEventHandler: Test case 'FormulaConstructor_TestTokens_Invalid - 25779c01-7a12-ff91-5e69-9f1c1ad5f5cd' started.
TpTrace Information: 0 : 23532, 9, 2024/09/06, 12:41:28.149, 23851694801, datacollector.dll, DataCollectionTestCaseEventHandler: Test case completing.
TpTrace Information: 0 : 23532, 9, 2024/09/06, 12:41:28.149, 23851698007, datacollector.dll, BlameCollector.EventsTestCaseEnd: Test Case End
TpTrace Verbose: 0 : 23532, 9, 2024/09/06, 12:41:28.149, 23851698289, datacollector.dll, MulticastDelegateUtilities.SafeInvoke: DataCollectionEvents.TestCaseEnd: Invoking callback 1/1 for Microsoft.TestPlatform.Extensions.BlameDataCollector.BlameCollector., took 0 ms.
TpTrace Information: 0 : 23532, 9, 2024/09/06, 12:41:28.149, 23851698746, datacollector.dll, DataCollectionTestCaseEventHandler: Test case 'FormulaConstructor_TestTokens_Invalid - 25779c01-7a12-ff91-5e69-9f1c1ad5f5cd' completed
TpTrace Information: 0 : 23532, 9, 2024/09/06, 12:41:28.149, 23851702119, datacollector.dll, DataCollectionTestCaseEventHandler: Test case starting.
TpTrace Information: 0 : 23532, 9, 2024/09/06, 12:41:28.150, 23851705255, datacollector.dll, BlameCollector.EventsTestCaseStart: Test Case Start
TpTrace Verbose: 0 : 23532, 9, 2024/09/06, 12:41:28.150, 23851705604, datacollector.dll, MulticastDelegateUtilities.SafeInvoke: DataCollectionEvents.TestCaseStart: Invoking callback 1/1 for Microsoft.TestPlatform.Extensions.BlameDataCollector.BlameCollector., took 0 ms.
TpTrace Information: 0 : 23532, 9, 2024/09/06, 12:41:28.150, 23851706021, datacollector.dll, DataCollectionTestCaseEventHandler: Test case 'FormulaConstructor_TestClosingParenthesis_Invalid - 098ecc3b-ad82-0401-6e2a-7535ee68872a' started.
TpTrace Information: 0 : 23532, 9, 2024/09/06, 12:41:28.150, 23851711537, datacollector.dll, DataCollectionTestCaseEventHandler: Test case completing.
TpTrace Information: 0 : 23532, 9, 2024/09/06, 12:41:28.151, 23851714763, datacollector.dll, BlameCollector.EventsTestCaseEnd: Test Case End
TpTrace Verbose: 0 : 23532, 9, 2024/09/06, 12:41:28.151, 23851715183, datacollector.dll, MulticastDelegateUtilities.SafeInvoke: DataCollectionEvents.TestCaseEnd: Invoking callback 1/1 for Microsoft.TestPlatform.Extensions.BlameDataCollector.BlameCollector., took 0 ms.
TpTrace Information: 0 : 23532, 9, 2024/09/06, 12:41:28.151, 23851715650, datacollector.dll, DataCollectionTestCaseEventHandler: Test case 'FormulaConstructor_TestClosingParenthesis_Invalid - 098ecc3b-ad82-0401-6e2a-7535ee68872a' completed
TpTrace Information: 0 : 23532, 9, 2024/09/06, 12:41:28.151, 23851719034, datacollector.dll, DataCollectionTestCaseEventHandler: Test case starting.
TpTrace Information: 0 : 23532, 9, 2024/09/06, 12:41:28.151, 23851722152, datacollector.dll, BlameCollector.EventsTestCaseStart: Test Case Start
TpTrace Verbose: 0 : 23532, 9, 2024/09/06, 12:41:28.151, 23851722506, datacollector.dll, MulticastDelegateUtilities.SafeInvoke: DataCollectionEvents.TestCaseStart: Invoking callback 1/1 for Microsoft.TestPlatform.Extensions.BlameDataCollector.BlameCollector., took 0 ms.
TpTrace Information: 0 : 23532, 9, 2024/09/06, 12:41:28.151, 23851722915, datacollector.dll, DataCollectionTestCaseEventHandler: Test case 'FormulaConstructor_TestBalancedParenthesis_Invalid - 85130c3e-95f4-0652-5629-1743c29778bc' started.
TpTrace Information: 0 : 23532, 9, 2024/09/06, 12:41:28.152, 23851727461, datacollector.dll, DataCollectionTestCaseEventHandler: Test case completing.
TpTrace Information: 0 : 23532, 9, 2024/09/06, 12:41:28.152, 23851730608, datacollector.dll, BlameCollector.EventsTestCaseEnd: Test Case End
TpTrace Verbose: 0 : 23532, 9, 2024/09/06, 12:41:28.152, 23851730886, datacollector.dll, MulticastDelegateUtilities.SafeInvoke: DataCollectionEvents.TestCaseEnd: Invoking callback 1/1 for Microsoft.TestPlatform.Extensions.BlameDataCollector.BlameCollector., took 0 ms.
TpTrace Information: 0 : 23532, 9, 2024/09/06, 12:41:28.152, 23851731367, datacollector.dll, DataCollectionTestCaseEventHandler: Test case 'FormulaConstructor_TestBalancedParenthesis_Invalid - 85130c3e-95f4-0652-5629-1743c29778bc' completed
TpTrace Information: 0 : 23532, 9, 2024/09/06, 12:41:28.153, 23851734708, datacollector.dll, DataCollectionTestCaseEventHandler: Test case starting.
TpTrace Information: 0 : 23532, 9, 2024/09/06, 12:41:28.153, 23851737860, datacollector.dll, BlameCollector.EventsTestCaseStart: Test Case Start
TpTrace Verbose: 0 : 23532, 9, 2024/09/06, 12:41:28.153, 23851738147, datacollector.dll, MulticastDelegateUtilities.SafeInvoke: DataCollectionEvents.TestCaseStart: Invoking callback 1/1 for Microsoft.TestPlatform.Extensions.BlameDataCollector.BlameCollector., took 0 ms.
TpTrace Information: 0 : 23532, 9, 2024/09/06, 12:41:28.153, 23851738563, datacollector.dll, DataCollectionTestCaseEventHandler: Test case 'FormulaConstructor_TestBalancedParenthesis_Valid - 4e07c992-9238-6a97-894f-752437d68d71' started.
TpTrace Information: 0 : 23532, 9, 2024/09/06, 12:41:28.153, 23851742816, datacollector.dll, DataCollectionTestCaseEventHandler: Test case completing.
TpTrace Information: 0 : 23532, 9, 2024/09/06, 12:41:28.154, 23851745934, datacollector.dll, BlameCollector.EventsTestCaseEnd: Test Case End
TpTrace Verbose: 0 : 23532, 9, 2024/09/06, 12:41:28.154, 23851746211, datacollector.dll, MulticastDelegateUtilities.SafeInvoke: DataCollectionEvents.TestCaseEnd: Invoking callback 1/1 for Microsoft.TestPlatform.Extensions.BlameDataCollector.BlameCollector., took 0 ms.
TpTrace Information: 0 : 23532, 9, 2024/09/06, 12:41:28.154, 23851746673, datacollector.dll, DataCollectionTestCaseEventHandler: Test case 'FormulaConstructor_TestBalancedParenthesis_Valid - 4e07c992-9238-6a97-894f-752437d68d71' completed
TpTrace Information: 0 : 23532, 9, 2024/09/06, 12:41:28.154, 23851749942, datacollector.dll, DataCollectionTestCaseEventHandler: Test case starting.
TpTrace Information: 0 : 23532, 9, 2024/09/06, 12:41:28.154, 23851753080, datacollector.dll, BlameCollector.EventsTestCaseStart: Test Case Start
TpTrace Verbose: 0 : 23532, 9, 2024/09/06, 12:41:28.154, 23851753369, datacollector.dll, MulticastDelegateUtilities.SafeInvoke: DataCollectionEvents.TestCaseStart: Invoking callback 1/1 for Microsoft.TestPlatform.Extensions.BlameDataCollector.BlameCollector., took 0 ms.
TpTrace Information: 0 : 23532, 9, 2024/09/06, 12:41:28.154, 23851753755, datacollector.dll, DataCollectionTestCaseEventHandler: Test case 'FormulaConstructor_TestFirstToken_Invalid - 048e8299-4250-7f26-0523-e1cf9cf84864' started.
TpTrace Information: 0 : 23532, 9, 2024/09/06, 12:41:28.155, 23851758410, datacollector.dll, DataCollectionTestCaseEventHandler: Test case completing.
TpTrace Information: 0 : 23532, 9, 2024/09/06, 12:41:28.155, 23851761823, datacollector.dll, BlameCollector.EventsTestCaseEnd: Test Case End
TpTrace Verbose: 0 : 23532, 9, 2024/09/06, 12:41:28.155, 23851762109, datacollector.dll, MulticastDelegateUtilities.SafeInvoke: DataCollectionEvents.TestCaseEnd: Invoking callback 1/1 for Microsoft.TestPlatform.Extensions.BlameDataCollector.BlameCollector., took 0 ms.
TpTrace Information: 0 : 23532, 9, 2024/09/06, 12:41:28.155, 23851762580, datacollector.dll, DataCollectionTestCaseEventHandler: Test case 'FormulaConstructor_TestFirstToken_Invalid - 048e8299-4250-7f26-0523-e1cf9cf84864' completed
TpTrace Information: 0 : 23532, 9, 2024/09/06, 12:41:28.156, 23851765904, datacollector.dll, DataCollectionTestCaseEventHandler: Test case starting.
TpTrace Information: 0 : 23532, 9, 2024/09/06, 12:41:28.156, 23851769110, datacollector.dll, BlameCollector.EventsTestCaseStart: Test Case Start
TpTrace Verbose: 0 : 23532, 9, 2024/09/06, 12:41:28.156, 23851769420, datacollector.dll, MulticastDelegateUtilities.SafeInvoke: DataCollectionEvents.TestCaseStart: Invoking callback 1/1 for Microsoft.TestPlatform.Extensions.BlameDataCollector.BlameCollector., took 0 ms.
TpTrace Information: 0 : 23532, 9, 2024/09/06, 12:41:28.156, 23851769847, datacollector.dll, DataCollectionTestCaseEventHandler: Test case 'FormulaConstructor_TestFirstToken_Valid - 9758e24e-0c29-580f-b967-fa093ce6e19b' started.
TpTrace Information: 0 : 23532, 9, 2024/09/06, 12:41:28.156, 23851774261, datacollector.dll, DataCollectionTestCaseEventHandler: Test case completing.
TpTrace Information: 0 : 23532, 9, 2024/09/06, 12:41:28.157, 23851777400, datacollector.dll, BlameCollector.EventsTestCaseEnd: Test Case End
TpTrace Verbose: 0 : 23532, 9, 2024/09/06, 12:41:28.157, 23851777676, datacollector.dll, MulticastDelegateUtilities.SafeInvoke: DataCollectionEvents.TestCaseEnd: Invoking callback 1/1 for Microsoft.TestPlatform.Extensions.BlameDataCollector.BlameCollector., took 0 ms.
TpTrace Information: 0 : 23532, 9, 2024/09/06, 12:41:28.157, 23851778135, datacollector.dll, DataCollectionTestCaseEventHandler: Test case 'FormulaConstructor_TestFirstToken_Valid - 9758e24e-0c29-580f-b967-fa093ce6e19b' completed
TpTrace Information: 0 : 23532, 9, 2024/09/06, 12:41:28.157, 23851781427, datacollector.dll, DataCollectionTestCaseEventHandler: Test case starting.
TpTrace Information: 0 : 23532, 9, 2024/09/06, 12:41:28.157, 23851784551, datacollector.dll, BlameCollector.EventsTestCaseStart: Test Case Start
TpTrace Verbose: 0 : 23532, 9, 2024/09/06, 12:41:28.158, 23851784834, datacollector.dll, MulticastDelegateUtilities.SafeInvoke: DataCollectionEvents.TestCaseStart: Invoking callback 1/1 for Microsoft.TestPlatform.Extensions.BlameDataCollector.BlameCollector., took 0 ms.
TpTrace Information: 0 : 23532, 9, 2024/09/06, 12:41:28.158, 23851785224, datacollector.dll, DataCollectionTestCaseEventHandler: Test case 'FormulaConstructor_TestFirstTokenNumber_Valid - 1f289566-9845-ce66-76fe-954d667f9b75' started.
TpTrace Information: 0 : 23532, 9, 2024/09/06, 12:41:28.158, 23851789519, datacollector.dll, DataCollectionTestCaseEventHandler: Test case completing.
TpTrace Information: 0 : 23532, 9, 2024/09/06, 12:41:28.158, 23851792651, datacollector.dll, BlameCollector.EventsTestCaseEnd: Test Case End
TpTrace Verbose: 0 : 23532, 9, 2024/09/06, 12:41:28.158, 23851792939, datacollector.dll, MulticastDelegateUtilities.SafeInvoke: DataCollectionEvents.TestCaseEnd: Invoking callback 1/1 for Microsoft.TestPlatform.Extensions.BlameDataCollector.BlameCollector., took 0 ms.
TpTrace Information: 0 : 23532, 9, 2024/09/06, 12:41:28.158, 23851793387, datacollector.dll, DataCollectionTestCaseEventHandler: Test case 'FormulaConstructor_TestFirstTokenNumber_Valid - 1f289566-9845-ce66-76fe-954d667f9b75' completed
TpTrace Information: 0 : 23532, 9, 2024/09/06, 12:41:28.172, 23851934188, datacollector.dll, DataCollectionTestCaseEventHandler: Test case starting.
TpTrace Information: 0 : 23532, 9, 2024/09/06, 12:41:28.173, 23851938561, datacollector.dll, BlameCollector.EventsTestCaseStart: Test Case Start
TpTrace Verbose: 0 : 23532, 9, 2024/09/06, 12:41:28.173, 23851938933, datacollector.dll, MulticastDelegateUtilities.SafeInvoke: DataCollectionEvents.TestCaseStart: Invoking callback 1/1 for Microsoft.TestPlatform.Extensions.BlameDataCollector.BlameCollector., took 0 ms.
TpTrace Information: 0 : 23532, 9, 2024/09/06, 12:41:28.173, 23851939579, datacollector.dll, DataCollectionTestCaseEventHandler: Test case 'FormulaConstructor_TestLastToken_Invalid - 8d726170-bb9d-e648-577d-3159a540a805' started.
TpTrace Information: 0 : 23532, 9, 2024/09/06, 12:41:28.174, 23851944936, datacollector.dll, DataCollectionTestCaseEventHandler: Test case completing.
TpTrace Information: 0 : 23532, 9, 2024/09/06, 12:41:28.174, 23851948243, datacollector.dll, BlameCollector.EventsTestCaseEnd: Test Case End
TpTrace Verbose: 0 : 23532, 9, 2024/09/06, 12:41:28.174, 23851948531, datacollector.dll, MulticastDelegateUtilities.SafeInvoke: DataCollectionEvents.TestCaseEnd: Invoking callback 1/1 for Microsoft.TestPlatform.Extensions.BlameDataCollector.BlameCollector., took 0 ms.
TpTrace Information: 0 : 23532, 9, 2024/09/06, 12:41:28.174, 23851949057, datacollector.dll, DataCollectionTestCaseEventHandler: Test case 'FormulaConstructor_TestLastToken_Invalid - 8d726170-bb9d-e648-577d-3159a540a805' completed
TpTrace Information: 0 : 23532, 9, 2024/09/06, 12:41:28.174, 23851952723, datacollector.dll, DataCollectionTestCaseEventHandler: Test case starting.
TpTrace Information: 0 : 23532, 9, 2024/09/06, 12:41:28.175, 23851956729, datacollector.dll, BlameCollector.EventsTestCaseStart: Test Case Start
TpTrace Verbose: 0 : 23532, 9, 2024/09/06, 12:41:28.175, 23851957087, datacollector.dll, MulticastDelegateUtilities.SafeInvoke: DataCollectionEvents.TestCaseStart: Invoking callback 1/1 for Microsoft.TestPlatform.Extensions.BlameDataCollector.BlameCollector., took 0 ms.
TpTrace Information: 0 : 23532, 9, 2024/09/06, 12:41:28.175, 23851957748, datacollector.dll, DataCollectionTestCaseEventHandler: Test case 'FormulaConstructor_TestLastToken_Valid - 45ce24a7-e496-c9d3-6940-7975545541bf' started.
TpTrace Information: 0 : 23532, 9, 2024/09/06, 12:41:28.175, 23851962633, datacollector.dll, DataCollectionTestCaseEventHandler: Test case completing.
TpTrace Information: 0 : 23532, 9, 2024/09/06, 12:41:28.176, 23851965934, datacollector.dll, BlameCollector.EventsTestCaseEnd: Test Case End
TpTrace Verbose: 0 : 23532, 9, 2024/09/06, 12:41:28.176, 23851966226, datacollector.dll, MulticastDelegateUtilities.SafeInvoke: DataCollectionEvents.TestCaseEnd: Invoking callback 1/1 for Microsoft.TestPlatform.Extensions.BlameDataCollector.BlameCollector., took 0 ms.
TpTrace Information: 0 : 23532, 9, 2024/09/06, 12:41:28.176, 23851966691, datacollector.dll, DataCollectionTestCaseEventHandler: Test case 'FormulaConstructor_TestLastToken_Valid - 45ce24a7-e496-c9d3-6940-7975545541bf' completed
TpTrace Information: 0 : 23532, 9, 2024/09/06, 12:41:28.176, 23851970139, datacollector.dll, DataCollectionTestCaseEventHandler: Test case starting.
TpTrace Information: 0 : 23532, 9, 2024/09/06, 12:41:28.176, 23851973343, datacollector.dll, BlameCollector.EventsTestCaseStart: Test Case Start
TpTrace Verbose: 0 : 23532, 9, 2024/09/06, 12:41:28.176, 23851973657, datacollector.dll, MulticastDelegateUtilities.SafeInvoke: DataCollectionEvents.TestCaseStart: Invoking callback 1/1 for Microsoft.TestPlatform.Extensions.BlameDataCollector.BlameCollector., took 0 ms.
TpTrace Information: 0 : 23532, 9, 2024/09/06, 12:41:28.176, 23851974382, datacollector.dll, DataCollectionTestCaseEventHandler: Test case 'FormulaConstructor_TestFollowing_Invalid - 3f2bc533-d1db-1451-1f0c-ddc80aecaf0c' started.
TpTrace Information: 0 : 23532, 9, 2024/09/06, 12:41:28.177, 23851979265, datacollector.dll, DataCollectionTestCaseEventHandler: Test case completing.
TpTrace Information: 0 : 23532, 9, 2024/09/06, 12:41:28.177, 23851982485, datacollector.dll, BlameCollector.EventsTestCaseEnd: Test Case End
TpTrace Verbose: 0 : 23532, 9, 2024/09/06, 12:41:28.177, 23851982766, datacollector.dll, MulticastDelegateUtilities.SafeInvoke: DataCollectionEvents.TestCaseEnd: Invoking callback 1/1 for Microsoft.TestPlatform.Extensions.BlameDataCollector.BlameCollector., took 0 ms.
TpTrace Information: 0 : 23532, 9, 2024/09/06, 12:41:28.177, 23851983242, datacollector.dll, DataCollectionTestCaseEventHandler: Test case 'FormulaConstructor_TestFollowing_Invalid - 3f2bc533-d1db-1451-1f0c-ddc80aecaf0c' completed
TpTrace Information: 0 : 23532, 9, 2024/09/06, 12:41:28.178, 23851986598, datacollector.dll, DataCollectionTestCaseEventHandler: Test case starting.
TpTrace Information: 0 : 23532, 9, 2024/09/06, 12:41:28.178, 23851989912, datacollector.dll, BlameCollector.EventsTestCaseStart: Test Case Start
TpTrace Verbose: 0 : 23532, 9, 2024/09/06, 12:41:28.178, 23851990194, datacollector.dll, MulticastDelegateUtilities.SafeInvoke: DataCollectionEvents.TestCaseStart: Invoking callback 1/1 for Microsoft.TestPlatform.Extensions.BlameDataCollector.BlameCollector., took 0 ms.
TpTrace Information: 0 : 23532, 9, 2024/09/06, 12:41:28.178, 23851990585, datacollector.dll, DataCollectionTestCaseEventHandler: Test case 'FormulaConstructor_TestFollowing_Valid - 4fa1c7ee-8743-36d7-bc22-14e2529802b9' started.
TpTrace Information: 0 : 23532, 9, 2024/09/06, 12:41:28.179, 23851997293, datacollector.dll, DataCollectionTestCaseEventHandler: Test case completing.
TpTrace Information: 0 : 23532, 9, 2024/09/06, 12:41:28.179, 23852000511, datacollector.dll, BlameCollector.EventsTestCaseEnd: Test Case End
TpTrace Verbose: 0 : 23532, 9, 2024/09/06, 12:41:28.179, 23852000789, datacollector.dll, MulticastDelegateUtilities.SafeInvoke: DataCollectionEvents.TestCaseEnd: Invoking callback 1/1 for Microsoft.TestPlatform.Extensions.BlameDataCollector.BlameCollector., took 0 ms.
TpTrace Information: 0 : 23532, 9, 2024/09/06, 12:41:28.179, 23852001231, datacollector.dll, DataCollectionTestCaseEventHandler: Test case 'FormulaConstructor_TestFollowing_Valid - 4fa1c7ee-8743-36d7-bc22-14e2529802b9' completed
TpTrace Information: 0 : 23532, 9, 2024/09/06, 12:41:28.180, 23852004680, datacollector.dll, DataCollectionTestCaseEventHandler: Test case starting.
TpTrace Information: 0 : 23532, 9, 2024/09/06, 12:41:28.180, 23852007929, datacollector.dll, BlameCollector.EventsTestCaseStart: Test Case Start
TpTrace Verbose: 0 : 23532, 9, 2024/09/06, 12:41:28.180, 23852008230, datacollector.dll, MulticastDelegateUtilities.SafeInvoke: DataCollectionEvents.TestCaseStart: Invoking callback 1/1 for Microsoft.TestPlatform.Extensions.BlameDataCollector.BlameCollector., took 0 ms.
TpTrace Information: 0 : 23532, 9, 2024/09/06, 12:41:28.180, 23852008630, datacollector.dll, DataCollectionTestCaseEventHandler: Test case 'FormulaConstructor_TestExtraFollowing_Invalid - 9c1b6277-809e-240b-9328-05ecbc92a384' started.
TpTrace Information: 0 : 23532, 9, 2024/09/06, 12:41:28.180, 23852013867, datacollector.dll, DataCollectionTestCaseEventHandler: Test case completing.
TpTrace Information: 0 : 23532, 9, 2024/09/06, 12:41:28.181, 23852017883, datacollector.dll, BlameCollector.EventsTestCaseEnd: Test Case End
TpTrace Verbose: 0 : 23532, 9, 2024/09/06, 12:41:28.181, 23852018226, datacollector.dll, MulticastDelegateUtilities.SafeInvoke: DataCollectionEvents.TestCaseEnd: Invoking callback 1/1 for Microsoft.TestPlatform.Extensions.BlameDataCollector.BlameCollector., took 0 ms.
TpTrace Information: 0 : 23532, 9, 2024/09/06, 12:41:28.181, 23852018858, datacollector.dll, DataCollectionTestCaseEventHandler: Test case 'FormulaConstructor_TestExtraFollowing_Invalid - 9c1b6277-809e-240b-9328-05ecbc92a384' completed
TpTrace Information: 0 : 23532, 9, 2024/09/06, 12:41:28.181, 23852022302, datacollector.dll, DataCollectionTestCaseEventHandler: Test case starting.
TpTrace Information: 0 : 23532, 9, 2024/09/06, 12:41:28.182, 23852025556, datacollector.dll, BlameCollector.EventsTestCaseStart: Test Case Start
TpTrace Verbose: 0 : 23532, 9, 2024/09/06, 12:41:28.182, 23852025850, datacollector.dll, MulticastDelegateUtilities.SafeInvoke: DataCollectionEvents.TestCaseStart: Invoking callback 1/1 for Microsoft.TestPlatform.Extensions.BlameDataCollector.BlameCollector., took 0 ms.
TpTrace Information: 0 : 23532, 9, 2024/09/06, 12:41:28.182, 23852026253, datacollector.dll, DataCollectionTestCaseEventHandler: Test case 'FormulaConstructor_TestExtraFollowing_Valid - 5e60a9de-4e09-f554-ff9e-95affc11d45a' started.
TpTrace Information: 0 : 23532, 9, 2024/09/06, 12:41:28.182, 23852032073, datacollector.dll, DataCollectionTestCaseEventHandler: Test case completing.
TpTrace Information: 0 : 23532, 9, 2024/09/06, 12:41:28.183, 23852035652, datacollector.dll, BlameCollector.EventsTestCaseEnd: Test Case End
TpTrace Verbose: 0 : 23532, 9, 2024/09/06, 12:41:28.183, 23852035964, datacollector.dll, MulticastDelegateUtilities.SafeInvoke: DataCollectionEvents.TestCaseEnd: Invoking callback 1/1 for Microsoft.TestPlatform.Extensions.BlameDataCollector.BlameCollector., took 0 ms.
TpTrace Information: 0 : 23532, 9, 2024/09/06, 12:41:28.183, 23852036522, datacollector.dll, DataCollectionTestCaseEventHandler: Test case 'FormulaConstructor_TestExtraFollowing_Valid - 5e60a9de-4e09-f554-ff9e-95affc11d45a' completed
TpTrace Information: 0 : 23532, 9, 2024/09/06, 12:41:28.183, 23852039909, datacollector.dll, DataCollectionTestCaseEventHandler: Test case starting.
TpTrace Information: 0 : 23532, 9, 2024/09/06, 12:41:28.183, 23852043109, datacollector.dll, BlameCollector.EventsTestCaseStart: Test Case Start
TpTrace Verbose: 0 : 23532, 9, 2024/09/06, 12:41:28.183, 23852043418, datacollector.dll, MulticastDelegateUtilities.SafeInvoke: DataCollectionEvents.TestCaseStart: Invoking callback 1/1 for Microsoft.TestPlatform.Extensions.BlameDataCollector.BlameCollector., took 0 ms.
TpTrace Information: 0 : 23532, 9, 2024/09/06, 12:41:28.183, 23852043811, datacollector.dll, DataCollectionTestCaseEventHandler: Test case 'Formula_TestToString_Valid - 0a20908d-9e91-6ddf-bfc7-921b4c56d043' started.
TpTrace Information: 0 : 23532, 9, 2024/09/06, 12:41:28.185, 23852055092, datacollector.dll, DataCollectionTestCaseEventHandler: Test case completing.
TpTrace Information: 0 : 23532, 9, 2024/09/06, 12:41:28.185, 23852059098, datacollector.dll, BlameCollector.EventsTestCaseEnd: Test Case End
TpTrace Verbose: 0 : 23532, 9, 2024/09/06, 12:41:28.185, 23852059441, datacollector.dll, MulticastDelegateUtilities.SafeInvoke: DataCollectionEvents.TestCaseEnd: Invoking callback 1/1 for Microsoft.TestPlatform.Extensions.BlameDataCollector.BlameCollector., took 0 ms.
TpTrace Information: 0 : 23532, 9, 2024/09/06, 12:41:28.185, 23852060021, datacollector.dll, DataCollectionTestCaseEventHandler: Test case 'Formula_TestToString_Valid - 0a20908d-9e91-6ddf-bfc7-921b4c56d043' completed
TpTrace Information: 0 : 23532, 9, 2024/09/06, 12:41:28.187, 23852078595, datacollector.dll, DataCollectionTestCaseEventHandler: Test session ended
TpTrace Information: 0 : 23532, 1, 2024/09/06, 12:41:28.212, 23852325128, datacollector.dll, DataCollectionRequestHandler.ProcessRequests: Datacollector received message: (DataCollection.AfterTestRunEnd) -> {"MessageType":"DataCollection.AfterTestRunEnd","Payload":false}
TpTrace Information: 0 : 23532, 1, 2024/09/06, 12:41:28.212, 23852330289, datacollector.dll, Blame Collector: Session End
TpTrace Information: 0 : 23532, 1, 2024/09/06, 12:41:28.212, 23852330595, datacollector.dll, BlameCollector.CollectDumpAndAbortTesthost: Custom path to dump directory was provided via VSTEST_DUMP_PATH. Skipping attachment upload, the caller is responsible for collecting and uploading the dumps themselves.
TpTrace Verbose: 0 : 23532, 1, 2024/09/06, 12:41:28.212, 23852331009, datacollector.dll, MulticastDelegateUtilities.SafeInvoke: DataCollectionEvents.SessionEnd: Invoking callback 1/1 for Microsoft.TestPlatform.Extensions.BlameDataCollector.BlameCollector., took 0 ms.
TpTrace Information: 0 : 23532, 1, 2024/09/06, 12:41:28.212, 23852334450, datacollector.dll, DataCollectionManager.CleanupPlugins: CleanupPlugins called
TpTrace Verbose: 0 : 23532, 1, 2024/09/06, 12:41:28.213, 23852334787, datacollector.dll, DataCollectionManager.CleanupPlugins: Cleaning up 1 plugins
TpTrace Verbose: 0 : 23532, 1, 2024/09/06, 12:41:28.213, 23852335269, datacollector.dll, dataCollectorInfo.DisposeDataCollector: calling Dispose() on Microsoft.TestPlatform.Extensions.BlameDataCollector.BlameCollector
TpTrace Information: 0 : 23532, 1, 2024/09/06, 12:41:28.213, 23852335662, datacollector.dll, DataCollectionManager.CleanupPlugins: CleanupPlugins finished
TpTrace Information: 0 : 23532, 1, 2024/09/06, 12:41:28.215, 23852357849, datacollector.dll, DataCollectionRequestHandler.ProcessRequests : Session End message received from server. Closing the connection.
TpTrace Information: 0 : 23532, 1, 2024/09/06, 12:41:28.215, 23852358837, datacollector.dll, Closing the connection !
TpTrace Information: 0 : 23532, 1, 2024/09/06, 12:41:28.215, 23852359061, datacollector.dll, DataCollectionRequestHandler.ProcessRequests : DataCollection completed
TpTrace Information: 0 : 23532, 1, 2024/09/06, 12:41:28.215, 23852359206, datacollector.dll, Program.Main: exiting datacollector process.
